<?xml version="1.0" encoding="UTF-8"?>
<blueprint xmlns="http://www.osgi.org/xmlns/blueprint/v1.0.0"
       xmlns:camel="http://camel.apache.org/schema/blueprint"
       xmlns:xsi="http://www.w3.org/2001/XMLSchema-instance"
       xmlns:cm="http://aries.apache.org/blueprint/xmlns/blueprint-cm/v1.0.0"
       xsi:schemaLocation="http://www.osgi.org/xmlns/blueprint/v1.0.0 http://www.osgi.org/xmlns/blueprint/v1.0.0/blueprint.xsd
       http://camel.apache.org/schema/blueprint http://camel.apache.org/schema/blueprint/camel-blueprint.xsd
       http://aries.apache.org/blueprint/xmlns/blueprint-cm/v1.0.0 http://aries.apache.org/schemas/blueprint-cm/blueprint-cm-1.0.0.xsd">

	<cm:property-placeholder id="config.whatever" persistent-id="com.app.deim.inbound">
		<cm:default-properties>
			<cm:property name="deim.rest.service.uri" value="http://localhost:8181/"/>
			<cm:property name="activeMqBrokeradress" value="tcp://127.0.0.1:61616"/>
		</cm:default-properties>
		</cm:property-placeholder>

	<!-- default service is localhost:8181. if you use unit tests you need to set it to the
	full path because junit runs on the command line. Create a test properties resource -->
</blueprint>
